<?xml version="1.0" encoding="UTF-8"?>
<!-- Generated by org.testng.reporters.JUnitXMLReporter -->
<testsuite hostname="zurbagan3" ignored="6" name="test03" tests="2" failures="0" timestamp="22 ноя 2018 05:31:26 GMT" time="0.002" errors="0">
  <testcase name="TestCase01" time="0.0" classname="org.andestech.learning.rfb18.g2.AppTest"/>
  <testcase name="TestCase08" time="0.001" classname="org.andestech.learning.rfb18.g2.AppTest03"/>
  <testcase name="TestCase03" time="0.0" classname="org.andestech.learning.rfb18.g2.AppTest02">
    <ignored/>
  </testcase> <!-- TestCase03 -->
  <testcase name="TestCase04" time="0.0" classname="org.andestech.learning.rfb18.g2.AppTest02">
    <ignored/>
  </testcase> <!-- TestCase04 -->
  <testcase name="TestCase02" time="0.0" classname="org.andestech.learning.rfb18.g2.AppTest">
    <ignored/>
  </testcase> <!-- TestCase02 -->
  <testcase name="TestCase06" time="0.0" classname="org.andestech.learning.rfb18.g2.AppTest03">
    <ignored/>
  </testcase> <!-- TestCase06 -->
  <testcase name="TestCase05" time="0.0" classname="org.andestech.learning.rfb18.g2.AppTest02">
    <ignored/>
  </testcase> <!-- TestCase05 -->
  <testcase name="TestCase07" time="0.0" classname="org.andestech.learning.rfb18.g2.AppTest03">
    <ignored/>
  </testcase> <!-- TestCase07 -->
</testsuite> <!-- test03 -->
