<?xml version="1.0" encoding="UTF-8"?>
<!-- Generated by org.testng.reporters.JUnitXMLReporter -->
<testsuite hostname="zurbagan3" ignored="0" name="virt_test" tests="3" failures="1" timestamp="22 ноя 2018 06:09:56 GMT" time="0.055" errors="0">
  <testcase name="TestCase07" time="0.011" classname="org.andestech.learning.rfb18.g2.AppTest03"/>
  <testcase name="TestCase06" time="0.001" classname="org.andestech.learning.rfb18.g2.AppTest03">
    <failure type="java.lang.AssertionError" message="expected [true] but found [false]">
      <![CDATA[java.lang.AssertionError: expected [true] but found [false]
at org.andestech.learning.rfb18.g2.AppTest03.TestCase06(AppTest03.java:25)
at org.andestech.learning.rfb18.g2.TestNGRunner.main(TestNGRunner.java:54)
... Removed 26 stack frames]]>
    </failure>
  </testcase> <!-- TestCase06 -->
  <testcase name="TestCase08" time="0.0" classname="org.andestech.learning.rfb18.g2.AppTest03"/>
</testsuite> <!-- virt_test -->
