<?xml version="1.0" encoding="UTF-8"?>
<!-- Generated by org.testng.reporters.JUnitXMLReporter -->
<testsuite hostname="zurbagan3" ignored="2" name="test01" tests="3" failures="1" timestamp="22 ноя 2018 05:31:26 GMT" time="0.068" errors="0">
  <testcase name="TestCase03" time="0.014" classname="org.andestech.learning.rfb18.g2.AppTest02"/>
  <testcase name="TestCase04" time="0.001" classname="org.andestech.learning.rfb18.g2.AppTest02">
    <failure type="java.lang.AssertionError" message="expected [true] but found [false]">
      <![CDATA[java.lang.AssertionError: expected [true] but found [false]
at org.andestech.learning.rfb18.g2.AppTest02.TestCase04(AppTest02.java:24)
at org.andestech.learning.rfb18.g2.TestNGRunner.main(TestNGRunner.java:25)
... Removed 26 stack frames]]>
    </failure>
  </testcase> <!-- TestCase04 -->
  <testcase name="TestCase02" time="0.0" classname="org.andestech.learning.rfb18.g2.AppTest"/>
  <testcase name="TestCase05" time="0.0" classname="org.andestech.learning.rfb18.g2.AppTest02">
    <ignored/>
  </testcase> <!-- TestCase05 -->
  <testcase name="TestCase01" time="0.0" classname="org.andestech.learning.rfb18.g2.AppTest">
    <ignored/>
  </testcase> <!-- TestCase01 -->
</testsuite> <!-- test01 -->
